<?xml version="1.0" encoding="UTF-8"?>
<!-- Generated by org.testng.reporters.JUnitXMLReporter -->
<testsuite ignored="0" hostname="Sam-PC" failures="0" tests="2" name="Default test" time="0.092" errors="0" timestamp="2020-08-02T03:33:19 IST">
  <testcase classname="takeaway.RestAppTest" name="@BeforeTest Setup" time="-1.596319399773E9">
    <failure type="org.testng.TestNGException" message="
Parameter &amp;apos;browserName&amp;apos; is required by BeforeTest on method Setup but has not been marked @Optional or defined
in C:\Users\Sam\AppData\Local\Temp\testng-eclipse--1518297905\testng-customsuite.xml">
      <![CDATA[org.testng.TestNGException: 
Parameter 'browserName' is required by BeforeTest on method Setup but has not been marked @Optional or defined
in C:\Users\Sam\AppData\Local\Temp\testng-eclipse--1518297905\testng-customsuite.xml
at org.testng.internal.Parameters.createParams(Parameters.java:272)
at org.testng.internal.Parameters.createParametersForMethod(Parameters.java:360)
at org.testng.internal.Parameters.createParameters(Parameters.java:704)
at org.testng.internal.Parameters.createConfigurationParameters(Parameters.java:166)
at org.testng.internal.ConfigInvoker.invokeConfigurations(ConfigInvoker.java:283)
at org.testng.TestRunner.invokeTestConfigurations(TestRunner.java:619)
at org.testng.TestRunner.beforeRun(TestRunner.java:609)
at org.testng.TestRunner.run(TestRunner.java:580)
at org.testng.SuiteRunner.runTest(SuiteRunner.java:384)
at org.testng.SuiteRunner.runSequentially(SuiteRunner.java:378)
at org.testng.SuiteRunner.privateRun(SuiteRunner.java:337)
at org.testng.SuiteRunner.run(SuiteRunner.java:286)
at org.testng.SuiteRunnerWorker.runSuite(SuiteRunnerWorker.java:53)
at org.testng.SuiteRunnerWorker.run(SuiteRunnerWorker.java:96)
at org.testng.TestNG.runSuitesSequentially(TestNG.java:1187)
at org.testng.TestNG.runSuitesLocally(TestNG.java:1109)
at org.testng.TestNG.runSuites(TestNG.java:1039)
at org.testng.TestNG.run(TestNG.java:1007)
at org.testng.remote.AbstractRemoteTestNG.run(AbstractRemoteTestNG.java:115)
at org.testng.remote.RemoteTestNG.initAndRun(RemoteTestNG.java:251)
at org.testng.remote.RemoteTestNG.main(RemoteTestNG.java:77)
]]>
    </failure>
  </testcase> <!-- @BeforeTest Setup -->
  <testcase classname="takeaway.RestAppTest" name="@BeforeMethod refreshURL" time="-1.596319399832E9">
    <skipped/>
  </testcase> <!-- @BeforeMethod refreshURL -->
  <testcase classname="takeaway.RestAppTest" name="@BeforeMethod refreshURL" time="-1.596319399847E9">
    <skipped/>
  </testcase> <!-- @BeforeMethod refreshURL -->
  <testcase classname="takeaway.RestAppTest" name="@AfterTest Teardown" time="-1.596319399855E9">
    <skipped/>
  </testcase> <!-- @AfterTest Teardown -->
  <testcase classname="takeaway.RestAppTest" name="VerifyIfRestaurantIsListed" time="0.0">
    <skipped/>
  </testcase> <!-- VerifyIfRestaurantIsListed -->
  <testcase classname="takeaway.RestAppTest" name="verifyOrderPlacementFlow" time="0.0">
    <skipped/>
  </testcase> <!-- verifyOrderPlacementFlow -->
</testsuite> <!-- Default test -->
