<?xml version="1.0" encoding="UTF-8"?>
<!-- Generated by org.testng.reporters.JUnitXMLReporter -->
<testsuite ignored="2" hostname="Sam-PC" failures="2" tests="2" name="Test1" time="21.491" errors="0" timestamp="2020-08-03T04:39:45 IST">
  <testcase classname="takeaway.RestAppTest" name="VerifyIfRestaurantIsListed" time="13.294">
    <failure type="org.openqa.selenium.WebDriverException" message="chrome not reachable
  (Session info: chrome=84.0.4147.105)
Build info: version: &amp;apos;3.141.59&amp;apos;, revision: &amp;apos;e82be7d358&amp;apos;, time: &amp;apos;2018-11-14T08:17:03&amp;apos;
System info: host: &amp;apos;SAM-PC&amp;apos;, ip: &amp;apos;192.168.1.11&amp;apos;, os.name: &amp;apos;Windows 7&amp;apos;, os.arch: &amp;apos;amd64&amp;apos;, os.version: &amp;apos;6.1&amp;apos;, java.version: &amp;apos;10.0.2&amp;apos;
Driver info: org.openqa.selenium.chrome.ChromeDriver
Capabilities {acceptInsecureCerts: false, browserName: chrome, browserVersion: 84.0.4147.105, chrome: {chromedriverVersion: 83.0.4103.39 (ccbf011cb2d2b..., userDataDir: C:\Users\Sam\AppData\Local\...}, goog:chromeOptions: {debuggerAddress: localhost:53426}, javascriptEnabled: true, networkConnectionEnabled: false, pageLoadStrategy: normal, platform: WINDOWS, platformName: WINDOWS, proxy: Proxy(), setWindowRect: true, strictFileInteractability: false, timeouts: {implicit: 0, pageLoad: 300000, script: 30000}, unhandledPromptBehavior: dismiss and notify, webauthn:virtualAuthenticators: true}
Session ID: ea4d84709252a198915ad1118121b18c">
      <![CDATA[org.openqa.selenium.WebDriverException: chrome not reachable
  (Session info: chrome=84.0.4147.105)
Build info: version: '3.141.59', revision: 'e82be7d358', time: '2018-11-14T08:17:03'
System info: host: 'SAM-PC', ip: '192.168.1.11', os.name: 'Windows 7', os.arch: 'amd64', os.version: '6.1', java.version: '10.0.2'
Driver info: org.openqa.selenium.chrome.ChromeDriver
Capabilities {acceptInsecureCerts: false, browserName: chrome, browserVersion: 84.0.4147.105, chrome: {chromedriverVersion: 83.0.4103.39 (ccbf011cb2d2b..., userDataDir: C:\Users\Sam\AppData\Local\...}, goog:chromeOptions: {debuggerAddress: localhost:53426}, javascriptEnabled: true, networkConnectionEnabled: false, pageLoadStrategy: normal, platform: WINDOWS, platformName: WINDOWS, proxy: Proxy(), setWindowRect: true, strictFileInteractability: false, timeouts: {implicit: 0, pageLoad: 300000, script: 30000}, unhandledPromptBehavior: dismiss and notify, webauthn:virtualAuthenticators: true}
Session ID: ea4d84709252a198915ad1118121b18c
at org.openqa.selenium.remote.http.W3CHttpResponseCodec.createException(W3CHttpResponseCodec.java:187)
at org.openqa.selenium.remote.http.W3CHttpResponseCodec.decode(W3CHttpResponseCodec.java:122)
at org.openqa.selenium.remote.http.W3CHttpResponseCodec.decode(W3CHttpResponseCodec.java:49)
at org.openqa.selenium.remote.HttpCommandExecutor.execute(HttpCommandExecutor.java:158)
at org.openqa.selenium.remote.service.DriverCommandExecutor.execute(DriverCommandExecutor.java:83)
at org.openqa.selenium.remote.RemoteWebDriver.execute(RemoteWebDriver.java:552)
at org.openqa.selenium.remote.RemoteWebDriver.execute(RemoteWebDriver.java:609)
at org.openqa.selenium.remote.RemoteWebDriver$RemoteTargetLocator.activeElement(RemoteWebDriver.java:927)
at takeaway.RestAppFunctions.searchPinWithAlpha(RestAppFunctions.java:46)
at takeaway.RestAppTest.VerifyIfRestaurantIsListed(RestAppTest.java:118)
at java.base/java.util.ArrayList.forEach(ArrayList.java:1378)
at java.base/java.util.concurrent.FutureTask.run(FutureTask.java:264)
at java.base/java.util.concurrent.ThreadPoolExecutor.runWorker(ThreadPoolExecutor.java:1135)
at java.base/java.util.concurrent.ThreadPoolExecutor$Worker.run(ThreadPoolExecutor.java:635)
at java.base/java.lang.Thread.run(Thread.java:844)
... Removed 22 stack frames]]>
    </failure>
  </testcase> <!-- VerifyIfRestaurantIsListed -->
  <testcase classname="takeaway.RestAppTest" name="VerifyIfRestaurantIsListed" time="5.697">
    <failure type="java.lang.AssertionError" message="Unable to locate the elemnet">
      <![CDATA[java.lang.AssertionError: Unable to locate the elemnet
at takeaway.RestAppFunctions.xplictWaitElePresence(RestAppFunctions.java:164)
at takeaway.RestAppFunctions.searchPinWithAlpha(RestAppFunctions.java:31)
at takeaway.RestAppTest.VerifyIfRestaurantIsListed(RestAppTest.java:118)
at java.base/java.util.ArrayList.forEach(ArrayList.java:1378)
at java.base/java.util.concurrent.FutureTask.run(FutureTask.java:264)
at java.base/java.util.concurrent.ThreadPoolExecutor.runWorker(ThreadPoolExecutor.java:1135)
at java.base/java.util.concurrent.ThreadPoolExecutor$Worker.run(ThreadPoolExecutor.java:635)
at java.base/java.lang.Thread.run(Thread.java:844)
... Removed 19 stack frames]]>
    </failure>
  </testcase> <!-- VerifyIfRestaurantIsListed -->
  <testcase classname="takeaway.RestAppTest" name="VerifyIfRestaurantsAreListed" time="0.0">
    <ignored/>
  </testcase> <!-- VerifyIfRestaurantsAreListed -->
  <testcase classname="takeaway.RestAppTest" name="verifyOrderPlacementFlow" time="0.0">
    <ignored/>
  </testcase> <!-- verifyOrderPlacementFlow -->
</testsuite> <!-- Test1 -->
